  Game.c
d:\iti\advanced oop\lec_3\lap\lap\lap\game.c(120): warning C4996: 'getch': The POSIX name for this item is deprecated. Instead, use the ISO C and C++ conformant name: _getch. See online help for details.
  c:\program files (x86)\windows kits\10\include\10.0.10240.0\ucrt\conio.h(452): note: see declaration of 'getch'
d:\iti\advanced oop\lec_3\lap\lap\lap\game.c(137): warning C4996: 'getch': The POSIX name for this item is deprecated. Instead, use the ISO C and C++ conformant name: _getch. See online help for details.
  c:\program files (x86)\windows kits\10\include\10.0.10240.0\ucrt\conio.h(452): note: see declaration of 'getch'
d:\iti\advanced oop\lec_3\lap\lap\lap\game.c(141): warning C4996: 'getch': The POSIX name for this item is deprecated. Instead, use the ISO C and C++ conformant name: _getch. See online help for details.
  c:\program files (x86)\windows kits\10\include\10.0.10240.0\ucrt\conio.h(452): note: see declaration of 'getch'
d:\iti\advanced oop\lec_3\lap\lap\lap\game.c(153): warning C4047: 'function': 'char *' differs in levels of indirection from 'char (*)[20]'
d:\iti\advanced oop\lec_3\lap\lap\lap\game.c(153): warning C4024: 'strcpy': different types for formal and actual parameter 1
d:\iti\advanced oop\lec_3\lap\lap\lap\game.c(154): warning C4113: 'void (__cdecl *)()' differs in parameter lists from 'void (__cdecl *)(int *)'
d:\iti\advanced oop\lec_3\lap\lap\lap\game.c(157): warning C4047: 'function': 'char *' differs in levels of indirection from 'char (*)[20]'
d:\iti\advanced oop\lec_3\lap\lap\lap\game.c(157): warning C4024: 'strcpy': different types for formal and actual parameter 1
d:\iti\advanced oop\lec_3\lap\lap\lap\game.c(158): warning C4113: 'void (__cdecl *)()' differs in parameter lists from 'void (__cdecl *)(int *)'
d:\iti\advanced oop\lec_3\lap\lap\lap\game.c(161): warning C4047: 'function': 'char *' differs in levels of indirection from 'char (*)[20]'
d:\iti\advanced oop\lec_3\lap\lap\lap\game.c(161): warning C4024: 'strcpy': different types for formal and actual parameter 1
d:\iti\advanced oop\lec_3\lap\lap\lap\game.c(175): warning C4047: 'function': 'char *' differs in levels of indirection from 'char (*)[20]'
d:\iti\advanced oop\lec_3\lap\lap\lap\game.c(175): warning C4024: 'strcpy': different types for formal and actual parameter 1
d:\iti\advanced oop\lec_3\lap\lap\lap\game.c(176): warning C4113: 'void (__cdecl *)()' differs in parameter lists from 'void (__cdecl *)(int *)'
d:\iti\advanced oop\lec_3\lap\lap\lap\game.c(179): warning C4047: 'function': 'char *' differs in levels of indirection from 'char (*)[20]'
d:\iti\advanced oop\lec_3\lap\lap\lap\game.c(179): warning C4024: 'strcpy': different types for formal and actual parameter 1
d:\iti\advanced oop\lec_3\lap\lap\lap\game.c(180): warning C4113: 'void (__cdecl *)()' differs in parameter lists from 'void (__cdecl *)(int *)'
d:\iti\advanced oop\lec_3\lap\lap\lap\game.c(183): warning C4047: 'function': 'char *' differs in levels of indirection from 'char (*)[20]'
d:\iti\advanced oop\lec_3\lap\lap\lap\game.c(183): warning C4024: 'strcpy': different types for formal and actual parameter 1
d:\iti\advanced oop\lec_3\lap\lap\lap\game.c(459): warning C4996: 'getch': The POSIX name for this item is deprecated. Instead, use the ISO C and C++ conformant name: _getch. See online help for details.
  c:\program files (x86)\windows kits\10\include\10.0.10240.0\ucrt\conio.h(452): note: see declaration of 'getch'
  lap.vcxproj -> D:\ITI\Advanced OOP\LEC_3\lap\lap\Debug\lap.exe
  lap.vcxproj -> D:\ITI\Advanced OOP\LEC_3\lap\lap\Debug\lap.pdb (Full PDB)
